2023-05-08 15:28:15,230 INFO o.a.j.u.JMeterUtils: Setting Locale to en_EN
2023-05-08 15:28:15,254 INFO o.a.j.JMeter: Loading user properties from: /Users/mykhailo.mikus/Downloads/apache-jmeter-5.5/bin/user.properties
2023-05-08 15:28:15,254 INFO o.a.j.JMeter: Loading system properties from: /Users/mykhailo.mikus/Downloads/apache-jmeter-5.5/bin/system.properties
2023-05-08 15:28:15,261 INFO o.a.j.JMeter: Copyright (c) 1998-2022 The Apache Software Foundation
2023-05-08 15:28:15,261 INFO o.a.j.JMeter: Version 5.5
2023-05-08 15:28:15,261 INFO o.a.j.JMeter: java.version=20
2023-05-08 15:28:15,261 INFO o.a.j.JMeter: java.vm.name=OpenJDK 64-Bit Server VM
2023-05-08 15:28:15,261 INFO o.a.j.JMeter: os.name=Mac OS X
2023-05-08 15:28:15,261 INFO o.a.j.JMeter: os.arch=x86_64
2023-05-08 15:28:15,261 INFO o.a.j.JMeter: os.version=13.3.1
2023-05-08 15:28:15,262 INFO o.a.j.JMeter: file.encoding=UTF-8
2023-05-08 15:28:15,262 INFO o.a.j.JMeter: java.awt.headless=true
2023-05-08 15:28:15,262 INFO o.a.j.JMeter: Max memory     =1073741824
2023-05-08 15:28:15,262 INFO o.a.j.JMeter: Available Processors =12
2023-05-08 15:28:15,276 INFO o.a.j.JMeter: Default Locale=English (EN)
2023-05-08 15:28:15,276 INFO o.a.j.JMeter: JMeter  Locale=English (EN)
2023-05-08 15:28:15,276 INFO o.a.j.JMeter: JMeterHome=/Users/mykhailo.mikus/Downloads/apache-jmeter-5.5
2023-05-08 15:28:15,276 INFO o.a.j.JMeter: user.dir  =/Users/mykhailo.mikus/IdeaProjects/itstep/itstep_2023/performance
2023-05-08 15:28:15,276 INFO o.a.j.JMeter: PWD       =/Users/mykhailo.mikus/IdeaProjects/itstep/itstep_2023/performance
2023-05-08 15:28:15,278 INFO o.a.j.JMeter: IP: 192.168.1.58 Name: mac-C02X32M4JG5L.local FullName: 192.168.1.58
2023-05-08 15:28:15,288 INFO o.a.j.JMeter: Setting property 'jmeter.reportgenerator.outputdir' to:'/Users/mykhailo.mikus/IdeaProjects/itstep/itstep_2023/performance/report'
2023-05-08 15:28:15,293 INFO o.a.j.r.d.ReportGenerator: ReportGenerator will use for Parsing the separator: ','
2023-05-08 15:28:15,294 INFO o.a.j.r.d.ReportGenerator: Will only generate report from results file: summary
2023-05-08 15:28:15,294 INFO o.a.j.r.d.ReportGenerator: Reading report generator properties from: /Users/mykhailo.mikus/Downloads/apache-jmeter-5.5/bin/reportgenerator.properties
2023-05-08 15:28:15,295 INFO o.a.j.r.d.ReportGenerator: Merging with JMeter properties
2023-05-08 15:28:15,302 INFO o.a.j.r.c.ReportGeneratorConfiguration: Property 'jmeter.reportgenerator.temp_dir' not found, using default value 'temp' instead.
2023-05-08 15:28:15,305 INFO o.a.j.r.c.ReportGeneratorConfiguration: Property 'jmeter.reportgenerator.apdex_per_transaction' not found, using default value 'null' instead.
2023-05-08 15:28:15,312 INFO o.a.j.r.c.ReportGeneratorConfiguration: apdex_per_transaction is empty, not APDEX per transaction customization
2023-05-08 15:28:15,312 INFO o.a.j.r.c.ReportGeneratorConfiguration: Property 'jmeter.reportgenerator.sample_filter' not found, using default value 'null' instead.
2023-05-08 15:28:15,312 INFO o.a.j.r.c.ReportGeneratorConfiguration: Property 'jmeter.reportgenerator.report_title' not found, using default value 'null' instead.
2023-05-08 15:28:15,312 INFO o.a.j.r.c.ReportGeneratorConfiguration: Property 'jmeter.reportgenerator.start_date' not found, using default value 'null' instead.
2023-05-08 15:28:15,312 INFO o.a.j.r.c.ReportGeneratorConfiguration: Property 'jmeter.reportgenerator.end_date' not found, using default value 'null' instead.
2023-05-08 15:28:15,312 INFO o.a.j.r.c.ReportGeneratorConfiguration: Property 'jmeter.reportgenerator.date_format' not found, using default value 'null' instead.
2023-05-08 15:28:15,317 INFO o.a.j.r.c.ReportGeneratorConfiguration: Will use date range start date: null, end date: null
2023-05-08 15:28:15,322 INFO o.a.j.r.c.ReportGeneratorConfiguration: Property 'jmeter.reportgenerator.graph.totalTPS.exclude_controllers' not found, using default value 'false' instead.
2023-05-08 15:28:15,322 INFO o.a.j.r.c.ReportGeneratorConfiguration: Property 'jmeter.reportgenerator.graph.activeThreadsOverTime.exclude_controllers' not found, using default value 'false' instead.
2023-05-08 15:28:15,322 INFO o.a.j.r.c.ReportGeneratorConfiguration: Property 'jmeter.reportgenerator.graph.timeVsThreads.exclude_controllers' not found, using default value 'false' instead.
2023-05-08 15:28:15,322 INFO o.a.j.r.c.ReportGeneratorConfiguration: Property 'jmeter.reportgenerator.graph.responseTimeDistribution.exclude_controllers' not found, using default value 'false' instead.
2023-05-08 15:28:15,322 INFO o.a.j.r.c.ReportGeneratorConfiguration: Property 'jmeter.reportgenerator.graph.transactionsPerSecond.exclude_controllers' not found, using default value 'false' instead.
2023-05-08 15:28:15,323 INFO o.a.j.r.c.ReportGeneratorConfiguration: Property 'jmeter.reportgenerator.graph.responseTimePercentiles.exclude_controllers' not found, using default value 'false' instead.
2023-05-08 15:28:15,323 INFO o.a.j.r.c.ReportGeneratorConfiguration: Property 'jmeter.reportgenerator.graph.responseTimePercentilesOverTime.exclude_controllers' not found, using default value 'false' instead.
2023-05-08 15:28:15,323 INFO o.a.j.r.c.ReportGeneratorConfiguration: Property 'jmeter.reportgenerator.graph.responseTimesOverTime.exclude_controllers' not found, using default value 'false' instead.
2023-05-08 15:28:15,323 INFO o.a.j.r.c.ReportGeneratorConfiguration: Property 'jmeter.reportgenerator.graph.connectTimeOverTime.exclude_controllers' not found, using default value 'false' instead.
2023-05-08 15:28:15,323 INFO o.a.j.r.c.ReportGeneratorConfiguration: Property 'jmeter.reportgenerator.graph.latenciesOverTime.exclude_controllers' not found, using default value 'false' instead.
2023-05-08 15:28:15,324 INFO o.a.j.r.c.ReportGeneratorConfiguration: Property 'jmeter.reportgenerator.exporter.json.filters_only_sample_series' not found, using default value 'true' instead.
2023-05-08 15:28:15,324 INFO o.a.j.r.c.ReportGeneratorConfiguration: Property 'jmeter.reportgenerator.exporter.json.series_filter' not found, using default value '' instead.
2023-05-08 15:28:15,325 INFO o.a.j.r.c.ReportGeneratorConfiguration: Property 'jmeter.reportgenerator.exporter.json.show_controllers_only' not found, using default value 'false' instead.
2023-05-08 15:28:15,325 INFO o.a.j.r.c.ReportGeneratorConfiguration: Property 'jmeter.reportgenerator.exporter.html.filters_only_sample_series' not found, using default value 'true' instead.
2023-05-08 15:28:15,325 INFO o.a.j.r.c.ReportGeneratorConfiguration: Property 'jmeter.reportgenerator.exporter.html.series_filter' not found, using default value '' instead.
2023-05-08 15:28:15,325 INFO o.a.j.r.c.ReportGeneratorConfiguration: Property 'jmeter.reportgenerator.exporter.html.show_controllers_only' not found, using default value 'false' instead.
2023-05-08 15:28:15,578 INFO o.a.j.s.SaveService: Testplan (JMX) version: 2.2. Testlog (JTL) version: 2.2
2023-05-08 15:28:15,606 INFO o.a.j.s.SaveService: Using SaveService properties version 5.0
2023-05-08 15:28:15,611 INFO o.a.j.s.SaveService: Using SaveService properties file encoding UTF-8
2023-05-08 15:28:15,639 INFO o.a.j.r.p.NormalizerSampleConsumer: Using format, 'ms', to parse timeStamp field
2023-05-08 15:28:15,748 INFO o.a.j.r.p.AbstractSampleConsumer: class org.apache.jmeter.report.processor.AggregateConsumer#stopProducing(): beginDate produced 0 samples
2023-05-08 15:28:15,748 INFO o.a.j.r.p.AbstractSampleConsumer: class org.apache.jmeter.report.processor.AggregateConsumer#stopProducing(): endDate produced 0 samples
2023-05-08 15:28:15,751 INFO o.a.j.r.p.AbstractSampleConsumer: class org.apache.jmeter.report.processor.ApdexSummaryConsumer#stopProducing(): apdexSummary produced 0 samples
2023-05-08 15:28:15,751 INFO o.a.j.r.p.AbstractSampleConsumer: class org.apache.jmeter.report.processor.RequestsSummaryConsumer#stopProducing(): requestsSummary produced 0 samples
2023-05-08 15:28:15,757 INFO o.a.j.r.p.AbstractSampleConsumer: class org.apache.jmeter.report.processor.StatisticsSummaryConsumer#stopProducing(): statisticsSummary produced 0 samples
2023-05-08 15:28:15,761 INFO o.a.j.r.p.AbstractSampleConsumer: class org.apache.jmeter.report.processor.Top5ErrorsBySamplerConsumer#stopProducing(): top5ErrorsBySampler produced 0 samples
2023-05-08 15:28:15,761 INFO o.a.j.r.p.AbstractSampleConsumer: class org.apache.jmeter.report.processor.ErrorsSummaryConsumer#stopProducing(): errorsSummary produced 0 samples
2023-05-08 15:28:15,761 INFO o.a.j.r.p.AbstractSampleConsumer: class org.apache.jmeter.report.processor.graph.impl.HitsPerSecondGraphConsumer#stopProducing(): hitsPerSecond produced 0 samples
2023-05-08 15:28:15,775 INFO o.a.j.r.p.AbstractSampleConsumer: class org.apache.jmeter.report.processor.graph.impl.LatencyVSRequestGraphConsumer#stopProducing(): latencyVsRequest produced 0 samples
2023-05-08 15:28:15,776 INFO o.a.j.r.p.AbstractSampleConsumer: class org.apache.jmeter.report.processor.graph.impl.SyntheticResponseTimeDistributionGraphConsumer#stopProducing(): syntheticResponseTimeDistribution produced 0 samples
2023-05-08 15:28:15,776 INFO o.a.j.r.p.AbstractSampleConsumer: class org.apache.jmeter.report.processor.graph.impl.BytesThroughputGraphConsumer#stopProducing(): bytesThroughputOverTime produced 0 samples
2023-05-08 15:28:15,776 INFO o.a.j.r.p.AbstractSampleConsumer: class org.apache.jmeter.report.processor.graph.impl.CodesPerSecondGraphConsumer#stopProducing(): codesPerSecond produced 0 samples
2023-05-08 15:28:15,781 INFO o.a.j.r.p.AbstractSampleConsumer: class org.apache.jmeter.report.processor.graph.impl.ResponseTimeVSRequestGraphConsumer#stopProducing(): responseTimeVsRequest produced 0 samples
2023-05-08 15:28:15,782 INFO o.a.j.r.p.AbstractSampleConsumer: class org.apache.jmeter.report.processor.FilterConsumer#stopProducing(): startIntervalControlerFilter produced 406 samples
2023-05-08 15:28:15,782 INFO o.a.j.r.p.AbstractSampleConsumer: class org.apache.jmeter.report.processor.graph.impl.TotalTPSGraphConsumer#stopProducing(): totalTPS produced 0 samples
2023-05-08 15:28:15,782 INFO o.a.j.r.p.AbstractSampleConsumer: class org.apache.jmeter.report.processor.graph.impl.ActiveThreadsGraphConsumer#stopProducing(): activeThreadsOverTime produced 0 samples
2023-05-08 15:28:15,782 INFO o.a.j.r.p.AbstractSampleConsumer: class org.apache.jmeter.report.processor.graph.impl.TimeVSThreadGraphConsumer#stopProducing(): timeVsThreads produced 0 samples
2023-05-08 15:28:15,784 INFO o.a.j.r.p.AbstractSampleConsumer: class org.apache.jmeter.report.processor.graph.impl.ResponseTimeDistributionGraphConsumer#stopProducing(): responseTimeDistribution produced 0 samples
2023-05-08 15:28:15,785 INFO o.a.j.r.p.AbstractSampleConsumer: class org.apache.jmeter.report.processor.graph.impl.TransactionsPerSecondGraphConsumer#stopProducing(): transactionsPerSecond produced 0 samples
2023-05-08 15:28:15,785 INFO o.a.j.r.p.AbstractSampleConsumer: class org.apache.jmeter.report.processor.graph.impl.ResponseTimePercentilesGraphConsumer#stopProducing(): responseTimePercentiles produced 0 samples
2023-05-08 15:28:15,795 INFO o.a.j.r.p.AbstractSampleConsumer: class org.apache.jmeter.report.processor.graph.impl.ResponseTimePercentilesOverTimeGraphConsumer#stopProducing(): responseTimePercentilesOverTime produced 0 samples
2023-05-08 15:28:15,796 INFO o.a.j.r.p.AbstractSampleConsumer: class org.apache.jmeter.report.processor.graph.impl.ResponseTimeOverTimeGraphConsumer#stopProducing(): responseTimesOverTime produced 0 samples
2023-05-08 15:28:15,796 INFO o.a.j.r.p.AbstractSampleConsumer: class org.apache.jmeter.report.processor.graph.impl.ConnectTimeOverTimeGraphConsumer#stopProducing(): connectTimeOverTime produced 0 samples
2023-05-08 15:28:15,796 INFO o.a.j.r.p.AbstractSampleConsumer: class org.apache.jmeter.report.processor.graph.impl.LatencyOverTimeGraphConsumer#stopProducing(): latenciesOverTime produced 0 samples
2023-05-08 15:28:15,797 INFO o.a.j.r.p.AbstractSampleConsumer: class org.apache.jmeter.report.processor.FilterConsumer#stopProducing(): nameFilter produced 870 samples
2023-05-08 15:28:15,797 INFO o.a.j.r.p.AbstractSampleConsumer: class org.apache.jmeter.report.processor.FilterConsumer#stopProducing(): dateRangeFilter produced 174 samples
2023-05-08 15:28:15,797 INFO o.a.j.r.p.AbstractSampleConsumer: class org.apache.jmeter.report.processor.NormalizerSampleConsumer#stopProducing(): normalizer produced 58 samples
2023-05-08 15:28:15,798 INFO o.a.j.r.p.CsvFileSampleSource: produce(): 58 samples produced in 128ms on channel 0
2023-05-08 15:28:15,798 INFO o.a.j.r.d.ReportGenerator: Exporting data using exporter:'json' of className:'org.apache.jmeter.report.dashboard.JsonExporter'
2023-05-08 15:28:15,971 INFO o.a.j.r.d.JsonExporter: Found data for consumer statisticsSummary in context
2023-05-08 15:28:15,971 INFO o.a.j.r.d.JsonExporter: Creating statistics for overall
2023-05-08 15:28:15,972 INFO o.a.j.r.d.JsonExporter: Creating statistics for other transactions
2023-05-08 15:28:15,972 INFO o.a.j.r.d.JsonExporter: Checking output folder
2023-05-08 15:28:15,973 INFO o.a.j.r.d.JsonExporter: Writing statistics JSON to /Users/mykhailo.mikus/IdeaProjects/itstep/itstep_2023/performance/report/statistics.json
2023-05-08 15:28:16,040 INFO o.a.j.r.d.ReportGenerator: Exporting data using exporter:'html' of className:'org.apache.jmeter.report.dashboard.HtmlTemplateExporter'
2023-05-08 15:28:16,043 INFO o.a.j.r.d.HtmlTemplateExporter: Will generate dashboard in folder: /Users/mykhailo.mikus/IdeaProjects/itstep/itstep_2023/performance/report
2023-05-08 15:28:16,284 INFO o.a.j.r.d.HtmlTemplateExporter: Report will be generated in: /Users/mykhailo.mikus/IdeaProjects/itstep/itstep_2023/performance/report, creating folder structure
2023-05-08 15:28:16,290 INFO o.a.j.r.d.TemplateVisitor: Copying folder from '/Users/mykhailo.mikus/Downloads/apache-jmeter-5.5/bin/report-template' to '/Users/mykhailo.mikus/IdeaProjects/itstep/itstep_2023/performance/report', got message: /Users/mykhailo.mikus/IdeaProjects/itstep/itstep_2023/performance/report, found non empty folder with following content [/Users/mykhailo.mikus/IdeaProjects/itstep/itstep_2023/performance/report/statistics.json], will be ignored
